<?xml version="1.0" encoding="UTF-8"?>
<!-- Generated by org.testng.reporters.JUnitReportReporter -->
<testsuite hostname="LAPTOP-NU5FQOVC" failures="0" tests="1" name="testCases.RegistrationTestCase" time="20.384" errors="0" timestamp="2024-03-01T14:48:50 IST" skipped="0">
  <testcase classname="testCases.RegistrationTestCase" name="register" time="20.384"/>
</testsuite> <!-- testCases.RegistrationTestCase -->
