<?xml version="1.0" encoding="UTF-8"?>
<!-- Generated by org.testng.reporters.JUnitReportReporter -->
<testsuite hostname="LAPTOP-NU5FQOVC" failures="0" tests="1" name="testCases.LoginTestCase" time="19.548" errors="0" timestamp="2024-02-27T15:11:13 IST" skipped="0">
  <testcase classname="testCases.LoginTestCase" name="register" time="19.548"/>
</testsuite> <!-- testCases.LoginTestCase -->
